#
# A fatal error has been detected by the Java Runtime Environment:
#
#  EXCEPTION_ACCESS_VIOLATION (0xc0000005) at pc=0x00007ffd091f848b, pid=1244, tid=12988
#
# JRE version: OpenJDK Runtime Environment Temurin-17.0.5+8 (17.0.5+8) (build 17.0.5+8)
# Java VM: OpenJDK 64-Bit Server VM Temurin-17.0.5+8 (17.0.5+8, mixed mode, tiered, compressed oops, compressed class ptrs, g1 gc, windows-amd64)
# Problematic frame:
# V  [jvm.dll+0x62848b]
#
# No core dump will be written. Minidumps are not enabled by default on client versions of Windows
#
# If you would like to submit a bug report, please visit:
#   https://github.com/adoptium/adoptium-support/issues
#

---------------  S U M M A R Y ------------

Command Line: -XX:+ShowCodeDetailsInExceptionMessages -agentlib:jdwp=transport=dt_socket,suspend=y,address=localhost:63795 -javaagent:F:\Automation_Session\Software\eclipse-java-2022-12-R\eclipse\configuration\org.eclipse.osgi\227\0\.cp\lib\javaagent-shaded.jar -Dfile.encoding=UTF-8 day1.browseropening.GenericWayToOpenChromebrowser2

Host: Intel(R) Core(TM) i5-6300U CPU @ 2.40GHz, 4 cores, 7G,  Windows 10 , 64 bit Build 19041 (10.0.19041.2788)
Time: Tue May  9 11:26:08 2023 India Standard Time elapsed time: 142.102920 seconds (0d 0h 2m 22s)

---------------  T H R E A D  ---------------

Current thread (0x000002977f663520):  JavaThread "JDWP Transport Listener: dt_socket" daemon [_thread_in_vm, id=12988, stack(0x000000f64e700000,0x000000f64e800000)] _threads_hazard_ptr=0x00000297000add50, _nested_threads_hazard_ptr=0x00000297000add50

Stack: [0x000000f64e700000,0x000000f64e800000],  sp=0x000000f64e7fdf90,  free space=1015k
Native frames: (J=compiled Java code, j=interpreted, Vv=VM code, C=native code)
V  [jvm.dll+0x62848b]
V  [jvm.dll+0x513a01]
V  [jvm.dll+0x511350]
V  [jvm.dll+0x34a859]
V  [jvm.dll+0x34c308]
V  [jvm.dll+0x34b21d]
V  [jvm.dll+0x50b463]
V  [jvm.dll+0x4ca4ff]
C  [jdwp.dll+0x8f6b]


siginfo: EXCEPTION_ACCESS_VIOLATION (0xc0000005), reading address 0xffffffffffffffff


Register to memory mapping:

RIP=0x00007ffd091f848b jvm.dll
RAX=0x000002970083b4ca is pointing into metadata
RBX=0x000002970083b4b0 is pointing into metadata
RCX=0x0009000002977e75 is an unknown value
RDX=0x000000f64e7fdfb0 is pointing into the stack for thread: 0x000002977f663520
RSP=0x000000f64e7fdf90 is pointing into the stack for thread: 0x000002977f663520
RBP=0x000002977f663520 is a thread
RSI=0x0000000000000001 is an unknown value
RDI=0x000002977f6c0060 points into unknown readable memory: 0x0000000000000000 | 00 00 00 00 00 00 00 00
R8 =0x000002977f67cd70 points into unknown readable memory: 0x0000000000000002 | 02 00 00 00 00 00 00 00
R9 =0x000000f64e7fe060 is pointing into the stack for thread: 0x000002977f663520
R10=0x0 is NULL
R11=0x000000f64e7fcc30 is pointing into the stack for thread: 0x000002977f663520
R12=0x00000297004184a0 points into unknown readable memory: 0x0000000000000000 | 00 00 00 00 00 00 00 00
R13=0x000002977f67caf0 points into unknown readable memory: 0x0043005000000002 | 02 00 00 00 50 00 43 00
R14=0x0 is NULL
R15=0x000002977f4207d0 points into unknown readable memory: 0x00000297001418c0 | c0 18 14 00 97 02 00 00


Registers:
RAX=0x000002970083b4ca, RBX=0x000002970083b4b0, RCX=0x0009000002977e75, RDX=0x000000f64e7fdfb0
RSP=0x000000f64e7fdf90, RBP=0x000002977f663520, RSI=0x0000000000000001, RDI=0x000002977f6c0060
R8 =0x000002977f67cd70, R9 =0x000000f64e7fe060, R10=0x0000000000000000, R11=0x000000f64e7fcc30
R12=0x00000297004184a0, R13=0x000002977f67caf0, R14=0x0000000000000000, R15=0x000002977f4207d0
RIP=0x00007ffd091f848b, EFLAGS=0x0000000000010202

Top of Stack: (sp=0x000000f64e7fdf90)
0x000000f64e7fdf90:   000002970083b4b0 0000000000000001
0x000000f64e7fdfa0:   00000297688e8e10 0000000000000000
0x000000f64e7fdfb0:   000002970083b4b0 000002977f663520
0x000000f64e7fdfc0:   0000000000000000 00007ffd090e3a01
0x000000f64e7fdfd0:   000002970083b4b0 00000297001418d0
0x000000f64e7fdfe0:   00000297630f85b0 00007ffd08c7bec4
0x000000f64e7fdff0:   000002977f4207d0 0000000000000001
0x000000f64e7fe000:   00000000000003d8 000002977f4207e0
0x000000f64e7fe010:   000002977f420bb8 000000f64e7ff800
0x000000f64e7fe020:   000002977f663520 000002977f67cd70
0x000000f64e7fe030:   000002977f5adcf0 000002977f5add00
0x000000f64e7fe040:   000002977f5addd8 00000000000000d8
0x000000f64e7fe050:   000000f64e7ffb30 000000f64d6ff748
0x000000f64e7fe060:   0000000000000000 00007ffd09108033
0x000000f64e7fe070:   000002977f689240 0000000000000000
0x000000f64e7fe080:   0000000000000000 0000000000000000 

Instructions: (pc=0x00007ffd091f848b)
0x00007ffd091f838b:   cc cc cc cc cc 4c 8b 49 08 45 0f b7 41 20 45 85
0x00007ffd091f839b:   c0 74 73 b8 cd cc cc cc 41 f7 e0 c1 ea 02 8d 0c
0x00007ffd091f83ab:   92 44 3b c1 75 60 41 80 79 30 2a 49 8d 49 30 75
0x00007ffd091f83bb:   55 80 79 01 b7 75 4f 49 ff c8 41 80 3c 08 b1 75
0x00007ffd091f83cb:   45 49 83 f8 04 7e 3c 49 c7 c1 fe ff ff ff 48 8d
0x00007ffd091f83db:   41 06 4c 2b c9 80 78 fe 2a 75 2b 0f b6 50 ff 8d
0x00007ffd091f83eb:   4a ff f6 c1 f5 75 05 80 fa 09 75 05 80 fa 0e 75
0x00007ffd091f83fb:   15 80 38 b5 75 10 48 83 c0 05 49 8d 0c 01 49 3b
0x00007ffd091f840b:   c8 7c d2 b0 01 c3 32 c0 c3 cc cc cc cc cc cc cc
0x00007ffd091f841b:   cc cc cc cc cc 48 89 5c 24 10 57 48 83 ec 30 65
0x00007ffd091f842b:   48 8b 04 25 58 00 00 00 48 8b d9 8b 15 3c e0 57
0x00007ffd091f843b:   00 48 8b 3c d0 b8 50 00 00 00 80 3c 38 00 75 05
0x00007ffd091f844b:   e8 70 3f 26 00 b9 20 00 00 00 48 89 5c 24 20 48
0x00007ffd091f845b:   8b 0c 39 48 89 4c 24 28 48 85 db 74 16 48 8b 89
0x00007ffd091f846b:   40 02 00 00 48 8d 54 24 40 48 89 5c 24 40 e8 92
0x00007ffd091f847b:   25 9e ff 48 8b 43 08 48 8d 54 24 20 48 8b 48 08
0x00007ffd091f848b:   48 8b 49 18 e8 1c 5a d4 ff 48 8d 4c 24 20 48 8b
0x00007ffd091f849b:   d8 e8 7f 1d d2 ff 48 8b c3 48 8b 5c 24 48 48 83
0x00007ffd091f84ab:   c4 30 5f c3 cc 40 53 48 83 ec 20 48 8b 81 98 00
0x00007ffd091f84bb:   00 00 48 8b d9 48 8b 48 08 48 85 c9 74 31 ff 15
0x00007ffd091f84cb:   51 ab 4c 00 48 85 c0 74 26 48 8b 83 98 00 00 00
0x00007ffd091f84db:   48 8b 48 08 48 85 c9 75 04 33 c0 eb 06 ff 15 32
0x00007ffd091f84eb:   ab 4c 00 48 8b c8 e8 ba 2c 18 00 84 c0 74 22 48
0x00007ffd091f84fb:   8b 4b 18 e8 fd f6 20 00 8b d8 85 c0 74 13 8b c8
0x00007ffd091f850b:   e8 90 b1 20 00 84 c0 74 08 8b c3 48 83 c4 20 5b
0x00007ffd091f851b:   c3 33 c0 48 83 c4 20 5b c3 cc cc cc cc cc cc cc
0x00007ffd091f852b:   cc cc cc cc cc 48 8b 41 08 48 8b 48 08 48 8b 41
0x00007ffd091f853b:   18 48 8b 40 18 c3 cc cc cc cc cc cc cc cc cc cc
0x00007ffd091f854b:   cc cc cc cc cc 48 89 5c 24 08 48 89 74 24 10 57
0x00007ffd091f855b:   48 83 ec 40 33 ff be ff ff ff ff 3b d6 8b df 0f
0x00007ffd091f856b:   45 da 85 db 0f 88 be 00 00 00 48 8b 49 08 0f b7
0x00007ffd091f857b:   41 20 3b d8 0f 8d ae 00 00 00 f6 41 1c 01 0f 84 


Stack slot to memory mapping:
stack at sp + 0 slots: 0x000002970083b4b0 is pointing into metadata
stack at sp + 1 slots: 0x0000000000000001 is an unknown value
stack at sp + 2 slots: 0x00000297688e8e10 is at code_begin+-112 in 
[CodeBlob (0x00000297688e8e10)]
Framesize: 0
BufferBlob (0x00000297688e8e10) used for Interpreter
stack at sp + 3 slots: 0x0 is NULL
stack at sp + 4 slots: 0x000002970083b4b0 is pointing into metadata
stack at sp + 5 slots: 0x000002977f663520 is a thread
stack at sp + 6 slots: 0x0 is NULL
stack at sp + 7 slots: 0x00007ffd090e3a01 jvm.dll


---------------  P R O C E S S  ---------------

Threads class SMR info:
_java_thread_list=0x00000297000add50, length=15, elements={
0x000002976521ea00, 0x000002977e8ed600, 0x000002977e8ee430, 0x000002977f413020,
0x000002977f413f80, 0x000002977f419410, 0x000002977f417260, 0x000002977f41fe80,
0x000002977f443440, 0x000002977f48c150, 0x000002977f418a70, 0x000002977f663520,
0x000002977f689e90, 0x000002977f68a380, 0x000002977f4198e0
}

Java Threads: ( => current thread )
  0x000002976521ea00 JavaThread "main" [_thread_blocked, id=16764, stack(0x000000f64d600000,0x000000f64d700000)]
  0x000002977e8ed600 JavaThread "Reference Handler" daemon [_thread_blocked, id=3352, stack(0x000000f64dd00000,0x000000f64de00000)]
  0x000002977e8ee430 JavaThread "Finalizer" daemon [_thread_blocked, id=8656, stack(0x000000f64de00000,0x000000f64df00000)]
  0x000002977f413020 JavaThread "Signal Dispatcher" daemon [_thread_blocked, id=3828, stack(0x000000f64df00000,0x000000f64e000000)]
  0x000002977f413f80 JavaThread "Attach Listener" daemon [_thread_blocked, id=16816, stack(0x000000f64e000000,0x000000f64e100000)]
  0x000002977f419410 JavaThread "Service Thread" daemon [_thread_blocked, id=10332, stack(0x000000f64e100000,0x000000f64e200000)]
  0x000002977f417260 JavaThread "Monitor Deflation Thread" daemon [_thread_blocked, id=14316, stack(0x000000f64e200000,0x000000f64e300000)]
  0x000002977f41fe80 JavaThread "C2 CompilerThread0" daemon [_thread_blocked, id=1892, stack(0x000000f64e300000,0x000000f64e400000)]
  0x000002977f443440 JavaThread "C1 CompilerThread0" daemon [_thread_blocked, id=12552, stack(0x000000f64e400000,0x000000f64e500000)]
  0x000002977f48c150 JavaThread "Sweeper thread" daemon [_thread_blocked, id=14464, stack(0x000000f64e500000,0x000000f64e600000)]
  0x000002977f418a70 JavaThread "Common-Cleaner" daemon [_thread_blocked, id=14500, stack(0x000000f64e600000,0x000000f64e700000)]
=>0x000002977f663520 JavaThread "JDWP Transport Listener: dt_socket" daemon [_thread_in_vm, id=12988, stack(0x000000f64e700000,0x000000f64e800000)], _nested_threads_hazard_ptr=0x00000297000add50
  0x000002977f689e90 JavaThread "JDWP Event Helper Thread" daemon [_thread_blocked, id=764, stack(0x000000f64e800000,0x000000f64e900000)]
  0x000002977f68a380 JavaThread "JDWP Command Reader" daemon [_thread_in_native, id=9340, stack(0x000000f64e900000,0x000000f64ea00000)]
  0x000002977f4198e0 JavaThread "Notification Thread" daemon [_thread_blocked, id=14112, stack(0x000000f64eb00000,0x000000f64ec00000)]

Other Threads:
  0x000002977e8ebb50 VMThread "VM Thread" [stack: 0x000000f64dc00000,0x000000f64dd00000] [id=1384]
  0x000002976521f500 WatcherThread [stack: 0x000000f64ec00000,0x000000f64ed00000] [id=12488]
  0x0000029765278b00 GCTaskThread "GC Thread#0" [stack: 0x000000f64d700000,0x000000f64d800000] [id=17052]
  0x0000029765289560 ConcurrentGCThread "G1 Main Marker" [stack: 0x000000f64d800000,0x000000f64d900000] [id=944]
  0x000002976528a6f0 ConcurrentGCThread "G1 Conc#0" [stack: 0x000000f64d900000,0x000000f64da00000] [id=5160]
  0x00000297652eea90 ConcurrentGCThread "G1 Refine#0" [stack: 0x000000f64da00000,0x000000f64db00000] [id=7924]
  0x000002977e752490 ConcurrentGCThread "G1 Service" [stack: 0x000000f64db00000,0x000000f64dc00000] [id=17532]

Threads with active compile tasks:

VM state: not at safepoint (normal execution)

VM Mutex/Monitor currently owned by a thread: None

Heap address: 0x0000000081c00000, size: 2020 MB, Compressed Oops mode: 32-bit

CDS archive(s) not mapped
Compressed class space mapped at: 0x0000000100000000-0x0000000140000000, reserved size: 1073741824
Narrow klass base: 0x0000000000000000, Narrow klass shift: 3, Narrow klass range: 0x140000000

GC Precious Log:
 CPUs: 4 total, 4 available
 Memory: 8074M
 Large Page Support: Disabled
 NUMA Support: Disabled
 Compressed Oops: Enabled (32-bit)
 Heap Region Size: 1M
 Heap Min Capacity: 8M
 Heap Initial Capacity: 128M
 Heap Max Capacity: 2020M
 Pre-touch: Disabled
 Parallel Workers: 4
 Concurrent Workers: 1
 Concurrent Refinement Workers: 4
 Periodic GC: Disabled

Heap:
 garbage-first heap   total 131072K, used 5120K [0x0000000081c00000, 0x0000000100000000)
  region size 1024K, 7 young (7168K), 0 survivors (0K)
 Metaspace       used 10117K, committed 10240K, reserved 1064960K
  class space    used 871K, committed 960K, reserved 1048576K

Heap Regions: E=young(eden), S=young(survivor), O=old, HS=humongous(starts), HC=humongous(continues), CS=collection set, F=free, OA=open archive, CA=closed archive, TAMS=top-at-mark-start (previous, next)
|   0|0x0000000081c00000, 0x0000000081c00000, 0x0000000081d00000|  0%| F|  |TAMS 0x0000000081c00000, 0x0000000081c00000| Untracked 
|   1|0x0000000081d00000, 0x0000000081d00000, 0x0000000081e00000|  0%| F|  |TAMS 0x0000000081d00000, 0x0000000081d00000| Untracked 
|   2|0x0000000081e00000, 0x0000000081e00000, 0x0000000081f00000|  0%| F|  |TAMS 0x0000000081e00000, 0x0000000081e00000| Untracked 
|   3|0x0000000081f00000, 0x0000000081f00000, 0x0000000082000000|  0%| F|  |TAMS 0x0000000081f00000, 0x0000000081f00000| Untracked 
|   4|0x0000000082000000, 0x0000000082000000, 0x0000000082100000|  0%| F|  |TAMS 0x0000000082000000, 0x0000000082000000| Untracked 
|   5|0x0000000082100000, 0x0000000082100000, 0x0000000082200000|  0%| F|  |TAMS 0x0000000082100000, 0x0000000082100000| Untracked 
|   6|0x0000000082200000, 0x0000000082200000, 0x0000000082300000|  0%| F|  |TAMS 0x0000000082200000, 0x0000000082200000| Untracked 
|   7|0x0000000082300000, 0x0000000082300000, 0x0000000082400000|  0%| F|  |TAMS 0x0000000082300000, 0x0000000082300000| Untracked 
|   8|0x0000000082400000, 0x0000000082400000, 0x0000000082500000|  0%| F|  |TAMS 0x0000000082400000, 0x0000000082400000| Untracked 
|   9|0x0000000082500000, 0x0000000082500000, 0x0000000082600000|  0%| F|  |TAMS 0x0000000082500000, 0x0000000082500000| Untracked 
|  10|0x0000000082600000, 0x0000000082600000, 0x0000000082700000|  0%| F|  |TAMS 0x0000000082600000, 0x0000000082600000| Untracked 
|  11|0x0000000082700000, 0x0000000082700000, 0x0000000082800000|  0%| F|  |TAMS 0x0000000082700000, 0x0000000082700000| Untracked 
|  12|0x0000000082800000, 0x0000000082800000, 0x0000000082900000|  0%| F|  |TAMS 0x0000000082800000, 0x0000000082800000| Untracked 
|  13|0x0000000082900000, 0x0000000082900000, 0x0000000082a00000|  0%| F|  |TAMS 0x0000000082900000, 0x0000000082900000| Untracked 
|  14|0x0000000082a00000, 0x0000000082a00000, 0x0000000082b00000|  0%| F|  |TAMS 0x0000000082a00000, 0x0000000082a00000| Untracked 
|  15|0x0000000082b00000, 0x0000000082b00000, 0x0000000082c00000|  0%| F|  |TAMS 0x0000000082b00000, 0x0000000082b00000| Untracked 
|  16|0x0000000082c00000, 0x0000000082c00000, 0x0000000082d00000|  0%| F|  |TAMS 0x0000000082c00000, 0x0000000082c00000| Untracked 
|  17|0x0000000082d00000, 0x0000000082d00000, 0x0000000082e00000|  0%| F|  |TAMS 0x0000000082d00000, 0x0000000082d00000| Untracked 
|  18|0x0000000082e00000, 0x0000000082e00000, 0x0000000082f00000|  0%| F|  |TAMS 0x0000000082e00000, 0x0000000082e00000| Untracked 
|  19|0x0000000082f00000, 0x0000000082f00000, 0x0000000083000000|  0%| F|  |TAMS 0x0000000082f00000, 0x0000000082f00000| Untracked 
|  20|0x0000000083000000, 0x0000000083000000, 0x0000000083100000|  0%| F|  |TAMS 0x0000000083000000, 0x0000000083000000| Untracked 
|  21|0x0000000083100000, 0x0000000083100000, 0x0000000083200000|  0%| F|  |TAMS 0x0000000083100000, 0x0000000083100000| Untracked 
|  22|0x0000000083200000, 0x0000000083200000, 0x0000000083300000|  0%| F|  |TAMS 0x0000000083200000, 0x0000000083200000| Untracked 
|  23|0x0000000083300000, 0x0000000083300000, 0x0000000083400000|  0%| F|  |TAMS 0x0000000083300000, 0x0000000083300000| Untracked 
|  24|0x0000000083400000, 0x0000000083400000, 0x0000000083500000|  0%| F|  |TAMS 0x0000000083400000, 0x0000000083400000| Untracked 
|  25|0x0000000083500000, 0x0000000083500000, 0x0000000083600000|  0%| F|  |TAMS 0x0000000083500000, 0x0000000083500000| Untracked 
|  26|0x0000000083600000, 0x0000000083600000, 0x0000000083700000|  0%| F|  |TAMS 0x0000000083600000, 0x0000000083600000| Untracked 
|  27|0x0000000083700000, 0x0000000083700000, 0x0000000083800000|  0%| F|  |TAMS 0x0000000083700000, 0x0000000083700000| Untracked 
|  28|0x0000000083800000, 0x0000000083800000, 0x0000000083900000|  0%| F|  |TAMS 0x0000000083800000, 0x0000000083800000| Untracked 
|  29|0x0000000083900000, 0x0000000083900000, 0x0000000083a00000|  0%| F|  |TAMS 0x0000000083900000, 0x0000000083900000| Untracked 
|  30|0x0000000083a00000, 0x0000000083a00000, 0x0000000083b00000|  0%| F|  |TAMS 0x0000000083a00000, 0x0000000083a00000| Untracked 
|  31|0x0000000083b00000, 0x0000000083b00000, 0x0000000083c00000|  0%| F|  |TAMS 0x0000000083b00000, 0x0000000083b00000| Untracked 
|  32|0x0000000083c00000, 0x0000000083c00000, 0x0000000083d00000|  0%| F|  |TAMS 0x0000000083c00000, 0x0000000083c00000| Untracked 
|  33|0x0000000083d00000, 0x0000000083d00000, 0x0000000083e00000|  0%| F|  |TAMS 0x0000000083d00000, 0x0000000083d00000| Untracked 
|  34|0x0000000083e00000, 0x0000000083e00000, 0x0000000083f00000|  0%| F|  |TAMS 0x0000000083e00000, 0x0000000083e00000| Untracked 
|  35|0x0000000083f00000, 0x0000000083f00000, 0x0000000084000000|  0%| F|  |TAMS 0x0000000083f00000, 0x0000000083f00000| Untracked 
|  36|0x0000000084000000, 0x0000000084000000, 0x0000000084100000|  0%| F|  |TAMS 0x0000000084000000, 0x0000000084000000| Untracked 
|  37|0x0000000084100000, 0x0000000084100000, 0x0000000084200000|  0%| F|  |TAMS 0x0000000084100000, 0x0000000084100000| Untracked 
|  38|0x0000000084200000, 0x0000000084200000, 0x0000000084300000|  0%| F|  |TAMS 0x0000000084200000, 0x0000000084200000| Untracked 
|  39|0x0000000084300000, 0x0000000084300000, 0x0000000084400000|  0%| F|  |TAMS 0x0000000084300000, 0x0000000084300000| Untracked 
|  40|0x0000000084400000, 0x0000000084400000, 0x0000000084500000|  0%| F|  |TAMS 0x0000000084400000, 0x0000000084400000| Untracked 
|  41|0x0000000084500000, 0x0000000084500000, 0x0000000084600000|  0%| F|  |TAMS 0x0000000084500000, 0x0000000084500000| Untracked 
|  42|0x0000000084600000, 0x0000000084600000, 0x0000000084700000|  0%| F|  |TAMS 0x0000000084600000, 0x0000000084600000| Untracked 
|  43|0x0000000084700000, 0x0000000084700000, 0x0000000084800000|  0%| F|  |TAMS 0x0000000084700000, 0x0000000084700000| Untracked 
|  44|0x0000000084800000, 0x0000000084800000, 0x0000000084900000|  0%| F|  |TAMS 0x0000000084800000, 0x0000000084800000| Untracked 
|  45|0x0000000084900000, 0x0000000084900000, 0x0000000084a00000|  0%| F|  |TAMS 0x0000000084900000, 0x0000000084900000| Untracked 
|  46|0x0000000084a00000, 0x0000000084a00000, 0x0000000084b00000|  0%| F|  |TAMS 0x0000000084a00000, 0x0000000084a00000| Untracked 
|  47|0x0000000084b00000, 0x0000000084b00000, 0x0000000084c00000|  0%| F|  |TAMS 0x0000000084b00000, 0x0000000084b00000| Untracked 
|  48|0x0000000084c00000, 0x0000000084c00000, 0x0000000084d00000|  0%| F|  |TAMS 0x0000000084c00000, 0x0000000084c00000| Untracked 
|  49|0x0000000084d00000, 0x0000000084d00000, 0x0000000084e00000|  0%| F|  |TAMS 0x0000000084d00000, 0x0000000084d00000| Untracked 
|  50|0x0000000084e00000, 0x0000000084e00000, 0x0000000084f00000|  0%| F|  |TAMS 0x0000000084e00000, 0x0000000084e00000| Untracked 
|  51|0x0000000084f00000, 0x0000000084f00000, 0x0000000085000000|  0%| F|  |TAMS 0x0000000084f00000, 0x0000000084f00000| Untracked 
|  52|0x0000000085000000, 0x0000000085000000, 0x0000000085100000|  0%| F|  |TAMS 0x0000000085000000, 0x0000000085000000| Untracked 
|  53|0x0000000085100000, 0x0000000085100000, 0x0000000085200000|  0%| F|  |TAMS 0x0000000085100000, 0x0000000085100000| Untracked 
|  54|0x0000000085200000, 0x0000000085200000, 0x0000000085300000|  0%| F|  |TAMS 0x0000000085200000, 0x0000000085200000| Untracked 
|  55|0x0000000085300000, 0x0000000085300000, 0x0000000085400000|  0%| F|  |TAMS 0x0000000085300000, 0x0000000085300000| Untracked 
|  56|0x0000000085400000, 0x0000000085400000, 0x0000000085500000|  0%| F|  |TAMS 0x0000000085400000, 0x0000000085400000| Untracked 
|  57|0x0000000085500000, 0x0000000085500000, 0x0000000085600000|  0%| F|  |TAMS 0x0000000085500000, 0x0000000085500000| Untracked 
|  58|0x0000000085600000, 0x0000000085600000, 0x0000000085700000|  0%| F|  |TAMS 0x0000000085600000, 0x0000000085600000| Untracked 
|  59|0x0000000085700000, 0x0000000085700000, 0x0000000085800000|  0%| F|  |TAMS 0x0000000085700000, 0x0000000085700000| Untracked 
|  60|0x0000000085800000, 0x0000000085800000, 0x0000000085900000|  0%| F|  |TAMS 0x0000000085800000, 0x0000000085800000| Untracked 
|  61|0x0000000085900000, 0x0000000085900000, 0x0000000085a00000|  0%| F|  |TAMS 0x0000000085900000, 0x0000000085900000| Untracked 
|  62|0x0000000085a00000, 0x0000000085a00000, 0x0000000085b00000|  0%| F|  |TAMS 0x0000000085a00000, 0x0000000085a00000| Untracked 
|  63|0x0000000085b00000, 0x0000000085b00000, 0x0000000085c00000|  0%| F|  |TAMS 0x0000000085b00000, 0x0000000085b00000| Untracked 
|  64|0x0000000085c00000, 0x0000000085c00000, 0x0000000085d00000|  0%| F|  |TAMS 0x0000000085c00000, 0x0000000085c00000| Untracked 
|  65|0x0000000085d00000, 0x0000000085d00000, 0x0000000085e00000|  0%| F|  |TAMS 0x0000000085d00000, 0x0000000085d00000| Untracked 
|  66|0x0000000085e00000, 0x0000000085e00000, 0x0000000085f00000|  0%| F|  |TAMS 0x0000000085e00000, 0x0000000085e00000| Untracked 
|  67|0x0000000085f00000, 0x0000000085f00000, 0x0000000086000000|  0%| F|  |TAMS 0x0000000085f00000, 0x0000000085f00000| Untracked 
|  68|0x0000000086000000, 0x0000000086000000, 0x0000000086100000|  0%| F|  |TAMS 0x0000000086000000, 0x0000000086000000| Untracked 
|  69|0x0000000086100000, 0x0000000086100000, 0x0000000086200000|  0%| F|  |TAMS 0x0000000086100000, 0x0000000086100000| Untracked 
|  70|0x0000000086200000, 0x0000000086200000, 0x0000000086300000|  0%| F|  |TAMS 0x0000000086200000, 0x0000000086200000| Untracked 
|  71|0x0000000086300000, 0x0000000086300000, 0x0000000086400000|  0%| F|  |TAMS 0x0000000086300000, 0x0000000086300000| Untracked 
|  72|0x0000000086400000, 0x0000000086400000, 0x0000000086500000|  0%| F|  |TAMS 0x0000000086400000, 0x0000000086400000| Untracked 
|  73|0x0000000086500000, 0x0000000086500000, 0x0000000086600000|  0%| F|  |TAMS 0x0000000086500000, 0x0000000086500000| Untracked 
|  74|0x0000000086600000, 0x0000000086600000, 0x0000000086700000|  0%| F|  |TAMS 0x0000000086600000, 0x0000000086600000| Untracked 
|  75|0x0000000086700000, 0x0000000086700000, 0x0000000086800000|  0%| F|  |TAMS 0x0000000086700000, 0x0000000086700000| Untracked 
|  76|0x0000000086800000, 0x0000000086800000, 0x0000000086900000|  0%| F|  |TAMS 0x0000000086800000, 0x0000000086800000| Untracked 
|  77|0x0000000086900000, 0x0000000086900000, 0x0000000086a00000|  0%| F|  |TAMS 0x0000000086900000, 0x0000000086900000| Untracked 
|  78|0x0000000086a00000, 0x0000000086a00000, 0x0000000086b00000|  0%| F|  |TAMS 0x0000000086a00000, 0x0000000086a00000| Untracked 
|  79|0x0000000086b00000, 0x0000000086b00000, 0x0000000086c00000|  0%| F|  |TAMS 0x0000000086b00000, 0x0000000086b00000| Untracked 
|  80|0x0000000086c00000, 0x0000000086c00000, 0x0000000086d00000|  0%| F|  |TAMS 0x0000000086c00000, 0x0000000086c00000| Untracked 
|  81|0x0000000086d00000, 0x0000000086d00000, 0x0000000086e00000|  0%| F|  |TAMS 0x0000000086d00000, 0x0000000086d00000| Untracked 
|  82|0x0000000086e00000, 0x0000000086e00000, 0x0000000086f00000|  0%| F|  |TAMS 0x0000000086e00000, 0x0000000086e00000| Untracked 
|  83|0x0000000086f00000, 0x0000000086f00000, 0x0000000087000000|  0%| F|  |TAMS 0x0000000086f00000, 0x0000000086f00000| Untracked 
|  84|0x0000000087000000, 0x0000000087000000, 0x0000000087100000|  0%| F|  |TAMS 0x0000000087000000, 0x0000000087000000| Untracked 
|  85|0x0000000087100000, 0x0000000087100000, 0x0000000087200000|  0%| F|  |TAMS 0x0000000087100000, 0x0000000087100000| Untracked 
|  86|0x0000000087200000, 0x0000000087200000, 0x0000000087300000|  0%| F|  |TAMS 0x0000000087200000, 0x0000000087200000| Untracked 
|  87|0x0000000087300000, 0x0000000087300000, 0x0000000087400000|  0%| F|  |TAMS 0x0000000087300000, 0x0000000087300000| Untracked 
|  88|0x0000000087400000, 0x0000000087400000, 0x0000000087500000|  0%| F|  |TAMS 0x0000000087400000, 0x0000000087400000| Untracked 
|  89|0x0000000087500000, 0x0000000087500000, 0x0000000087600000|  0%| F|  |TAMS 0x0000000087500000, 0x0000000087500000| Untracked 
|  90|0x0000000087600000, 0x0000000087600000, 0x0000000087700000|  0%| F|  |TAMS 0x0000000087600000, 0x0000000087600000| Untracked 
|  91|0x0000000087700000, 0x0000000087700000, 0x0000000087800000|  0%| F|  |TAMS 0x0000000087700000, 0x0000000087700000| Untracked 
|  92|0x0000000087800000, 0x0000000087800000, 0x0000000087900000|  0%| F|  |TAMS 0x0000000087800000, 0x0000000087800000| Untracked 
|  93|0x0000000087900000, 0x0000000087900000, 0x0000000087a00000|  0%| F|  |TAMS 0x0000000087900000, 0x0000000087900000| Untracked 
|  94|0x0000000087a00000, 0x0000000087a00000, 0x0000000087b00000|  0%| F|  |TAMS 0x0000000087a00000, 0x0000000087a00000| Untracked 
|  95|0x0000000087b00000, 0x0000000087b00000, 0x0000000087c00000|  0%| F|  |TAMS 0x0000000087b00000, 0x0000000087b00000| Untracked 
|  96|0x0000000087c00000, 0x0000000087c00000, 0x0000000087d00000|  0%| F|  |TAMS 0x0000000087c00000, 0x0000000087c00000| Untracked 
|  97|0x0000000087d00000, 0x0000000087d00000, 0x0000000087e00000|  0%| F|  |TAMS 0x0000000087d00000, 0x0000000087d00000| Untracked 
|  98|0x0000000087e00000, 0x0000000087e00000, 0x0000000087f00000|  0%| F|  |TAMS 0x0000000087e00000, 0x0000000087e00000| Untracked 
|  99|0x0000000087f00000, 0x0000000087f00000, 0x0000000088000000|  0%| F|  |TAMS 0x0000000087f00000, 0x0000000087f00000| Untracked 
| 100|0x0000000088000000, 0x0000000088000000, 0x0000000088100000|  0%| F|  |TAMS 0x0000000088000000, 0x0000000088000000| Untracked 
| 101|0x0000000088100000, 0x0000000088100000, 0x0000000088200000|  0%| F|  |TAMS 0x0000000088100000, 0x0000000088100000| Untracked 
| 102|0x0000000088200000, 0x0000000088200000, 0x0000000088300000|  0%| F|  |TAMS 0x0000000088200000, 0x0000000088200000| Untracked 
| 103|0x0000000088300000, 0x0000000088300000, 0x0000000088400000|  0%| F|  |TAMS 0x0000000088300000, 0x0000000088300000| Untracked 
| 104|0x0000000088400000, 0x0000000088400000, 0x0000000088500000|  0%| F|  |TAMS 0x0000000088400000, 0x0000000088400000| Untracked 
| 105|0x0000000088500000, 0x0000000088500000, 0x0000000088600000|  0%| F|  |TAMS 0x0000000088500000, 0x0000000088500000| Untracked 
| 106|0x0000000088600000, 0x0000000088600000, 0x0000000088700000|  0%| F|  |TAMS 0x0000000088600000, 0x0000000088600000| Untracked 
| 107|0x0000000088700000, 0x0000000088700000, 0x0000000088800000|  0%| F|  |TAMS 0x0000000088700000, 0x0000000088700000| Untracked 
| 108|0x0000000088800000, 0x0000000088800000, 0x0000000088900000|  0%| F|  |TAMS 0x0000000088800000, 0x0000000088800000| Untracked 
| 109|0x0000000088900000, 0x0000000088900000, 0x0000000088a00000|  0%| F|  |TAMS 0x0000000088900000, 0x0000000088900000| Untracked 
| 110|0x0000000088a00000, 0x0000000088a00000, 0x0000000088b00000|  0%| F|  |TAMS 0x0000000088a00000, 0x0000000088a00000| Untracked 
| 111|0x0000000088b00000, 0x0000000088b00000, 0x0000000088c00000|  0%| F|  |TAMS 0x0000000088b00000, 0x0000000088b00000| Untracked 
| 112|0x0000000088c00000, 0x0000000088c00000, 0x0000000088d00000|  0%| F|  |TAMS 0x0000000088c00000, 0x0000000088c00000| Untracked 
| 113|0x0000000088d00000, 0x0000000088d00000, 0x0000000088e00000|  0%| F|  |TAMS 0x0000000088d00000, 0x0000000088d00000| Untracked 
| 114|0x0000000088e00000, 0x0000000088e00000, 0x0000000088f00000|  0%| F|  |TAMS 0x0000000088e00000, 0x0000000088e00000| Untracked 
| 115|0x0000000088f00000, 0x0000000088f00000, 0x0000000089000000|  0%| F|  |TAMS 0x0000000088f00000, 0x0000000088f00000| Untracked 
| 116|0x0000000089000000, 0x0000000089000000, 0x0000000089100000|  0%| F|  |TAMS 0x0000000089000000, 0x0000000089000000| Untracked 
| 117|0x0000000089100000, 0x0000000089100000, 0x0000000089200000|  0%| F|  |TAMS 0x0000000089100000, 0x0000000089100000| Untracked 
| 118|0x0000000089200000, 0x0000000089200000, 0x0000000089300000|  0%| F|  |TAMS 0x0000000089200000, 0x0000000089200000| Untracked 
| 119|0x0000000089300000, 0x0000000089300000, 0x0000000089400000|  0%| F|  |TAMS 0x0000000089300000, 0x0000000089300000| Untracked 
| 120|0x0000000089400000, 0x0000000089400000, 0x0000000089500000|  0%| F|  |TAMS 0x0000000089400000, 0x0000000089400000| Untracked 
| 121|0x0000000089500000, 0x00000000895b6ad8, 0x0000000089600000| 71%| E|  |TAMS 0x0000000089500000, 0x0000000089500000| Complete 
| 122|0x0000000089600000, 0x0000000089700000, 0x0000000089700000|100%| E|  |TAMS 0x0000000089600000, 0x0000000089600000| Complete 
| 123|0x0000000089700000, 0x0000000089800000, 0x0000000089800000|100%| E|CS|TAMS 0x0000000089700000, 0x0000000089700000| Complete 
| 124|0x0000000089800000, 0x0000000089900000, 0x0000000089900000|100%| E|CS|TAMS 0x0000000089800000, 0x0000000089800000| Complete 
| 125|0x0000000089900000, 0x0000000089a00000, 0x0000000089a00000|100%| E|CS|TAMS 0x0000000089900000, 0x0000000089900000| Complete 
| 126|0x0000000089a00000, 0x0000000089b00000, 0x0000000089b00000|100%| E|CS|TAMS 0x0000000089a00000, 0x0000000089a00000| Complete 
| 127|0x0000000089b00000, 0x0000000089c00000, 0x0000000089c00000|100%| E|CS|TAMS 0x0000000089b00000, 0x0000000089b00000| Complete 

Card table byte_map: [0x0000029777ce0000,0x00000297780e0000] _byte_map_base: 0x00000297778d2000

Marking Bits (Prev, Next): (CMBitMap*) 0x0000029765278fb0, (CMBitMap*) 0x0000029765278ff0
 Prev Bits: [0x00000297784e0000, 0x000002977a470000)
 Next Bits: [0x000002977a470000, 0x000002977c400000)

Polling page: 0x00000297633c0000

Metaspace:

Usage:
  Non-class:      9.03 MB used.
      Class:    871.95 KB used.
       Both:      9.88 MB used.

Virtual space:
  Non-class space:       16.00 MB reserved,       9.06 MB ( 57%) committed,  2 nodes.
      Class space:        1.00 GB reserved,     960.00 KB ( <1%) committed,  1 nodes.
             Both:        1.02 GB reserved,      10.00 MB ( <1%) committed. 

Chunk freelists:
   Non-Class:  2.75 MB
       Class:  3.09 MB
        Both:  5.84 MB

MaxMetaspaceSize: unlimited
CompressedClassSpaceSize: 1.00 GB
Initial GC threshold: 21.00 MB
Current GC threshold: 21.00 MB
CDS: off
MetaspaceReclaimPolicy: balanced
 - commit_granule_bytes: 65536.
 - commit_granule_words: 8192.
 - virtual_space_node_default_size: 1048576.
 - enlarge_chunks_in_place: 1.
 - new_chunks_are_fully_committed: 0.
 - uncommit_free_chunks: 1.
 - use_allocation_guard: 0.
 - handle_deallocations: 1.


Internal statistics:

num_allocs_failed_limit: 0.
num_arena_births: 10.
num_arena_deaths: 0.
num_vsnodes_births: 3.
num_vsnodes_deaths: 0.
num_space_committed: 160.
num_space_uncommitted: 0.
num_chunks_returned_to_freelist: 0.
num_chunks_taken_from_freelist: 49.
num_chunk_merges: 0.
num_chunk_splits: 21.
num_chunks_enlarged: 12.
num_purges: 0.
num_inconsistent_stats: 0.

CodeHeap 'non-profiled nmethods': size=120000Kb used=173Kb max_used=173Kb free=119826Kb
 bounds [0x00000297703b0000, 0x0000029770620000, 0x00000297778e0000]
CodeHeap 'profiled nmethods': size=120000Kb used=964Kb max_used=964Kb free=119035Kb
 bounds [0x0000029768e80000, 0x00000297690f0000, 0x00000297703b0000]
CodeHeap 'non-nmethods': size=5760Kb used=1202Kb max_used=1224Kb free=4557Kb
 bounds [0x00000297688e0000, 0x0000029768b50000, 0x0000029768e80000]
 total_blobs=991 nmethods=571 adapters=333
 compilation: enabled
              stopped_count=0, restarted_count=0
 full_count=0

Compilation events (20 events):
Event: 1.022 Thread 0x000002977f443440  562       3       java.util.ArrayList::grow (60 bytes)
Event: 1.022 Thread 0x000002977f443440 nmethod 562 0x0000029768f6e210 code [0x0000029768f6e400, 0x0000029768f6ea78]
Event: 142.037 Thread 0x000002977f443440  563       3       org.eclipse.jdt.launching.internal.org.objectweb.asm.ClassReader::readUnsignedShort (26 bytes)
Event: 142.037 Thread 0x000002977f443440 nmethod 563 0x0000029768f6ec90 code [0x0000029768f6ee20, 0x0000029768f6ef98]
Event: 142.038 Thread 0x000002977f443440  564       3       java.util.jar.Manifest$FastInputStream::peek (38 bytes)
Event: 142.039 Thread 0x000002977f443440 nmethod 564 0x0000029768f6f090 code [0x0000029768f6f240, 0x0000029768f6f468]
Event: 142.039 Thread 0x000002977f443440  566       3       java.util.jar.Manifest$FastInputStream::readLine (9 bytes)
Event: 142.039 Thread 0x000002977f443440 nmethod 566 0x0000029768f6f590 code [0x0000029768f6f740, 0x0000029768f6f8a8]
Event: 142.039 Thread 0x000002977f443440  565  s    3       java.io.ByteArrayOutputStream::write (43 bytes)
Event: 142.039 Thread 0x000002977f443440 nmethod 565 0x0000029768f6f990 code [0x0000029768f6fb80, 0x0000029768f70028]
Event: 142.040 Thread 0x000002977f443440  567       3       org.eclipse.jdt.launching.internal.org.objectweb.asm.ClassReader::readUtf (44 bytes)
Event: 142.040 Thread 0x000002977f443440 nmethod 567 0x0000029768f70210 code [0x0000029768f703e0, 0x0000029768f707d8]
Event: 142.040 Thread 0x000002977f443440  568       3       java.lang.String::<init> (10 bytes)
Event: 142.040 Thread 0x000002977f443440 nmethod 568 0x0000029768f70990 code [0x0000029768f70b40, 0x0000029768f70ca8]
Event: 142.040 Thread 0x000002977f443440  569       1       java.net.URL::getHost (5 bytes)
Event: 142.040 Thread 0x000002977f443440 nmethod 569 0x00000297703daf10 code [0x00000297703db0a0, 0x00000297703db178]
Event: 142.041 Thread 0x000002977f443440  570       3       org.eclipse.jdt.launching.internal.org.objectweb.asm.SymbolTable::hash (10 bytes)
Event: 142.041 Thread 0x000002977f443440 nmethod 570 0x0000029768f70d90 code [0x0000029768f70f20, 0x0000029768f71068]
Event: 142.041 Thread 0x000002977f443440  571       1       java.security.ProtectionDomain::getCodeSource (5 bytes)
Event: 142.041 Thread 0x000002977f443440 nmethod 571 0x00000297703db210 code [0x00000297703db3a0, 0x00000297703db478]

GC Heap History (0 events):
No events

Dll operation events (8 events):
Event: 0.014 Loaded shared library F:\Automation_Session\Software\eclipse-java-2022-12-R\eclipse\plugins\org.eclipse.justj.openjdk.hotspot.jre.full.win32.x86_64_17.0.5.v20221102-0933\jre\bin\java.dll
Event: 0.509 Loaded shared library F:\Automation_Session\Software\eclipse-java-2022-12-R\eclipse\plugins\org.eclipse.justj.openjdk.hotspot.jre.full.win32.x86_64_17.0.5.v20221102-0933\jre\bin\zip.dll
Event: 0.513 Loaded shared library F:\Automation_Session\Software\eclipse-java-2022-12-R\eclipse\plugins\org.eclipse.justj.openjdk.hotspot.jre.full.win32.x86_64_17.0.5.v20221102-0933\jre\bin\instrument.dll
Event: 0.534 Loaded shared library F:\Automation_Session\Software\eclipse-java-2022-12-R\eclipse\plugins\org.eclipse.justj.openjdk.hotspot.jre.full.win32.x86_64_17.0.5.v20221102-0933\jre\bin\net.dll
Event: 0.536 Loaded shared library F:\Automation_Session\Software\eclipse-java-2022-12-R\eclipse\plugins\org.eclipse.justj.openjdk.hotspot.jre.full.win32.x86_64_17.0.5.v20221102-0933\jre\bin\nio.dll
Event: 0.556 Loaded shared library F:\Automation_Session\Software\eclipse-java-2022-12-R\eclipse\plugins\org.eclipse.justj.openjdk.hotspot.jre.full.win32.x86_64_17.0.5.v20221102-0933\jre\bin\zip.dll
Event: 0.723 Loaded shared library F:\Automation_Session\Software\eclipse-java-2022-12-R\eclipse\plugins\org.eclipse.justj.openjdk.hotspot.jre.full.win32.x86_64_17.0.5.v20221102-0933\jre\bin\jimage.dll
Event: 0.955 Loaded shared library F:\Automation_Session\Software\eclipse-java-2022-12-R\eclipse\plugins\org.eclipse.justj.openjdk.hotspot.jre.full.win32.x86_64_17.0.5.v20221102-0933\jre\bin\verify.dll

Deoptimization events (20 events):
Event: 0.951 Thread 0x000002976521ea00 DEOPT PACKING pc=0x0000029768f4a12c sp=0x000000f64d6fbe10
Event: 0.951 Thread 0x000002976521ea00 DEOPT UNPACKING pc=0x0000029768932b43 sp=0x000000f64d6fb278 mode 0
Event: 0.952 Thread 0x000002976521ea00 DEOPT PACKING pc=0x0000029768f4a12c sp=0x000000f64d6fbe10
Event: 0.952 Thread 0x000002976521ea00 DEOPT UNPACKING pc=0x0000029768932b43 sp=0x000000f64d6fb278 mode 0
Event: 0.969 Thread 0x000002976521ea00 DEOPT PACKING pc=0x0000029768f4a12c sp=0x000000f64d6f8340
Event: 0.969 Thread 0x000002976521ea00 DEOPT UNPACKING pc=0x0000029768932b43 sp=0x000000f64d6f77a8 mode 0
Event: 0.972 Thread 0x000002976521ea00 DEOPT PACKING pc=0x0000029768f4a12c sp=0x000000f64d6f8340
Event: 0.972 Thread 0x000002976521ea00 DEOPT UNPACKING pc=0x0000029768932b43 sp=0x000000f64d6f77a8 mode 0
Event: 0.974 Thread 0x000002976521ea00 DEOPT PACKING pc=0x0000029768f4a12c sp=0x000000f64d6f8340
Event: 0.974 Thread 0x000002976521ea00 DEOPT UNPACKING pc=0x0000029768932b43 sp=0x000000f64d6f77a8 mode 0
Event: 0.975 Thread 0x000002976521ea00 DEOPT PACKING pc=0x0000029768f4a12c sp=0x000000f64d6f8340
Event: 0.975 Thread 0x000002976521ea00 DEOPT UNPACKING pc=0x0000029768932b43 sp=0x000000f64d6f77a8 mode 0
Event: 0.991 Thread 0x000002976521ea00 DEOPT PACKING pc=0x0000029768f4a12c sp=0x000000f64d6f8340
Event: 0.991 Thread 0x000002976521ea00 DEOPT UNPACKING pc=0x0000029768932b43 sp=0x000000f64d6f77a8 mode 0
Event: 0.991 Thread 0x000002976521ea00 DEOPT PACKING pc=0x0000029768f4a12c sp=0x000000f64d6f8340
Event: 0.991 Thread 0x000002976521ea00 DEOPT UNPACKING pc=0x0000029768932b43 sp=0x000000f64d6f77a8 mode 0
Event: 0.993 Thread 0x000002976521ea00 DEOPT PACKING pc=0x0000029768f4a12c sp=0x000000f64d6f8340
Event: 0.993 Thread 0x000002976521ea00 DEOPT UNPACKING pc=0x0000029768932b43 sp=0x000000f64d6f77a8 mode 0
Event: 0.994 Thread 0x000002976521ea00 DEOPT PACKING pc=0x0000029768f4a12c sp=0x000000f64d6f8340
Event: 0.994 Thread 0x000002976521ea00 DEOPT UNPACKING pc=0x0000029768932b43 sp=0x000000f64d6f77a8 mode 0

Classes unloaded (0 events):
No events

Classes redefined (2 events):
Event: 62.378 Thread 0x000002977e8ebb50 redefined class name=day1.browseropening.GenericWayToOpenChromebrowser2, count=1
Event: 142.043 Thread 0x000002977e8ebb50 redefined class name=day1.browseropening.GenericWayToOpenChromebrowser2, count=2

Internal exceptions (0 events):
No events

VM Operations (16 events):
Event: 0.318 Executing VM operation: HandshakeAllThreads
Event: 0.318 Executing VM operation: HandshakeAllThreads done
Event: 0.386 Executing VM operation: ChangeBreakpoints
Event: 0.387 Executing VM operation: ChangeBreakpoints done
Event: 0.479 Executing VM operation: ChangeBreakpoints
Event: 0.479 Executing VM operation: ChangeBreakpoints done
Event: 1.488 Executing VM operation: Cleanup
Event: 1.488 Executing VM operation: Cleanup done
Event: 62.377 Executing VM operation: RedefineClasses
Event: 62.382 Executing VM operation: RedefineClasses done
Event: 142.041 Executing VM operation: RedefineClasses
Event: 142.046 Executing VM operation: RedefineClasses done
Event: 142.052 Executing VM operation: ChangeBreakpoints
Event: 142.052 Executing VM operation: ChangeBreakpoints done
Event: 142.058 Executing VM operation: ChangeBreakpoints
Event: 142.058 Executing VM operation: ChangeBreakpoints done

Events (20 events):
Event: 0.981 loading class jdk/internal/reflect/ByteVectorImpl done
Event: 0.981 loading class jdk/internal/reflect/ClassFileAssembler
Event: 0.981 loading class jdk/internal/reflect/ClassFileAssembler done
Event: 0.981 loading class jdk/internal/reflect/UTF8
Event: 0.981 loading class jdk/internal/reflect/UTF8 done
Event: 0.983 loading class jdk/internal/reflect/Label
Event: 0.983 loading class jdk/internal/reflect/Label done
Event: 0.983 loading class jdk/internal/reflect/Label$PatchInfo
Event: 0.983 loading class jdk/internal/reflect/Label$PatchInfo done
Event: 0.983 loading class jdk/internal/reflect/MethodAccessorGenerator$1
Event: 0.983 loading class jdk/internal/reflect/MethodAccessorGenerator$1 done
Event: 0.983 loading class jdk/internal/reflect/ClassDefiner
Event: 0.983 loading class jdk/internal/reflect/ClassDefiner done
Event: 0.984 loading class jdk/internal/reflect/ClassDefiner$1
Event: 0.984 loading class jdk/internal/reflect/ClassDefiner$1 done
Event: 0.984 loading class jdk/internal/reflect/BootstrapConstructorAccessorImpl
Event: 0.984 loading class jdk/internal/reflect/BootstrapConstructorAccessorImpl done
Event: 1.024 loading class java/lang/IllegalStateException
Event: 1.024 loading class java/lang/IllegalStateException done
Event: 6.027 Thread 0x00000297000ff320 Thread exited: 0x00000297000ff320


Dynamic libraries:
0x00007ff7518b0000 - 0x00007ff7518be000 	F:\Automation_Session\Software\eclipse-java-2022-12-R\eclipse\plugins\org.eclipse.justj.openjdk.hotspot.jre.full.win32.x86_64_17.0.5.v20221102-0933\jre\bin\javaw.exe
0x00007ffd62590000 - 0x00007ffd62788000 	C:\Windows\SYSTEM32\ntdll.dll
0x00007ffd60bc0000 - 0x00007ffd60c7f000 	C:\Windows\System32\KERNEL32.DLL
0x00007ffd601e0000 - 0x00007ffd604ba000 	C:\Windows\System32\KERNELBASE.dll
0x00007ffd604c0000 - 0x00007ffd605c0000 	C:\Windows\System32\ucrtbase.dll
0x00007ffd59200000 - 0x00007ffd59219000 	F:\Automation_Session\Software\eclipse-java-2022-12-R\eclipse\plugins\org.eclipse.justj.openjdk.hotspot.jre.full.win32.x86_64_17.0.5.v20221102-0933\jre\bin\VCRUNTIME140.dll
0x00007ffd4fd20000 - 0x00007ffd4fd37000 	F:\Automation_Session\Software\eclipse-java-2022-12-R\eclipse\plugins\org.eclipse.justj.openjdk.hotspot.jre.full.win32.x86_64_17.0.5.v20221102-0933\jre\bin\jli.dll
0x00007ffd609e0000 - 0x00007ffd60b7d000 	C:\Windows\System32\USER32.dll
0x00007ffd5fdd0000 - 0x00007ffd5fdf2000 	C:\Windows\System32\win32u.dll
0x00007ffd62450000 - 0x00007ffd6247b000 	C:\Windows\System32\GDI32.dll
0x00007ffd5fc70000 - 0x00007ffd5fd80000 	C:\Windows\System32\gdi32full.dll
0x00007ffd5fe70000 - 0x00007ffd5ff0d000 	C:\Windows\System32\msvcp_win.dll
0x00007ffd4d230000 - 0x00007ffd4d4ca000 	C:\Windows\WinSxS\amd64_microsoft.windows.common-controls_6595b64144ccf1df_6.0.19041.1110_none_60b5254171f9507e\COMCTL32.dll
0x00007ffd62480000 - 0x00007ffd6251e000 	C:\Windows\System32\msvcrt.dll
0x00007ffd60b90000 - 0x00007ffd60bc0000 	C:\Windows\System32\IMM32.DLL
0x00007ffd5cfc0000 - 0x00007ffd5cfcc000 	F:\Automation_Session\Software\eclipse-java-2022-12-R\eclipse\plugins\org.eclipse.justj.openjdk.hotspot.jre.full.win32.x86_64_17.0.5.v20221102-0933\jre\bin\vcruntime140_1.dll
0x00007ffd3a830000 - 0x00007ffd3a8c1000 	F:\Automation_Session\Software\eclipse-java-2022-12-R\eclipse\plugins\org.eclipse.justj.openjdk.hotspot.jre.full.win32.x86_64_17.0.5.v20221102-0933\jre\bin\msvcp140.dll
0x00007ffd08bd0000 - 0x00007ffd09814000 	F:\Automation_Session\Software\eclipse-java-2022-12-R\eclipse\plugins\org.eclipse.justj.openjdk.hotspot.jre.full.win32.x86_64_17.0.5.v20221102-0933\jre\bin\server\jvm.dll
0x00007ffd60910000 - 0x00007ffd609be000 	C:\Windows\System32\ADVAPI32.dll
0x00007ffd615b0000 - 0x00007ffd6164c000 	C:\Windows\System32\sechost.dll
0x00007ffd61850000 - 0x00007ffd61976000 	C:\Windows\System32\RPCRT4.dll
0x00007ffd4aab0000 - 0x00007ffd4aab9000 	C:\Windows\SYSTEM32\WSOCK32.dll
0x00007ffd623e0000 - 0x00007ffd6244b000 	C:\Windows\System32\WS2_32.dll
0x00007ffd5cf10000 - 0x00007ffd5cf37000 	C:\Windows\SYSTEM32\WINMM.dll
0x00007ffd59ab0000 - 0x00007ffd59aba000 	C:\Windows\SYSTEM32\VERSION.dll
0x00007ffd5e4c0000 - 0x00007ffd5e4d2000 	C:\Windows\SYSTEM32\kernel.appcore.dll
0x00007ffd53b50000 - 0x00007ffd53b5a000 	F:\Automation_Session\Software\eclipse-java-2022-12-R\eclipse\plugins\org.eclipse.justj.openjdk.hotspot.jre.full.win32.x86_64_17.0.5.v20221102-0933\jre\bin\jimage.dll
0x00007ffd5da20000 - 0x00007ffd5dc04000 	C:\Windows\SYSTEM32\DBGHELP.DLL
0x00007ffd46870000 - 0x00007ffd468a4000 	C:\Windows\SYSTEM32\dbgcore.DLL
0x00007ffd5ff10000 - 0x00007ffd5ff92000 	C:\Windows\System32\bcryptPrimitives.dll
0x00007ffd43910000 - 0x00007ffd4394b000 	F:\Automation_Session\Software\eclipse-java-2022-12-R\eclipse\plugins\org.eclipse.justj.openjdk.hotspot.jre.full.win32.x86_64_17.0.5.v20221102-0933\jre\bin\jdwp.dll
0x00007ffd56980000 - 0x00007ffd5698e000 	F:\Automation_Session\Software\eclipse-java-2022-12-R\eclipse\plugins\org.eclipse.justj.openjdk.hotspot.jre.full.win32.x86_64_17.0.5.v20221102-0933\jre\bin\instrument.dll
0x00007ffd3bb70000 - 0x00007ffd3bb95000 	F:\Automation_Session\Software\eclipse-java-2022-12-R\eclipse\plugins\org.eclipse.justj.openjdk.hotspot.jre.full.win32.x86_64_17.0.5.v20221102-0933\jre\bin\java.dll
0x00007ffd4ddd0000 - 0x00007ffd4dde8000 	F:\Automation_Session\Software\eclipse-java-2022-12-R\eclipse\plugins\org.eclipse.justj.openjdk.hotspot.jre.full.win32.x86_64_17.0.5.v20221102-0933\jre\bin\zip.dll
0x00007ffd60d50000 - 0x00007ffd61494000 	C:\Windows\System32\SHELL32.dll
0x00007ffd5dd10000 - 0x00007ffd5e4a3000 	C:\Windows\SYSTEM32\windows.storage.dll
0x00007ffd61a50000 - 0x00007ffd61da4000 	C:\Windows\System32\combase.dll
0x00007ffd5f5f0000 - 0x00007ffd5f61e000 	C:\Windows\SYSTEM32\Wldp.dll
0x00007ffd614a0000 - 0x00007ffd6154d000 	C:\Windows\System32\SHCORE.dll
0x00007ffd60640000 - 0x00007ffd60695000 	C:\Windows\System32\shlwapi.dll
0x00007ffd5fbb0000 - 0x00007ffd5fbcf000 	C:\Windows\SYSTEM32\profapi.dll
0x00007ffd4fa70000 - 0x00007ffd4fa7c000 	F:\Automation_Session\Software\eclipse-java-2022-12-R\eclipse\plugins\org.eclipse.justj.openjdk.hotspot.jre.full.win32.x86_64_17.0.5.v20221102-0933\jre\bin\dt_socket.dll
0x00007ffd5f040000 - 0x00007ffd5f07c000 	C:\Windows\SYSTEM32\IPHLPAPI.DLL
0x00007ffd5f350000 - 0x00007ffd5f3ba000 	C:\Windows\system32\mswsock.dll
0x00007ffd5f080000 - 0x00007ffd5f14b000 	C:\Windows\SYSTEM32\DNSAPI.dll
0x00007ffd60b80000 - 0x00007ffd60b88000 	C:\Windows\System32\NSI.dll
0x00007ffd57e50000 - 0x00007ffd57e5a000 	C:\Windows\System32\rasadhlp.dll
0x00007ffd4ce60000 - 0x00007ffd4cee0000 	C:\Windows\System32\fwpuclnt.dll
0x00007ffd5ffa0000 - 0x00007ffd5ffc7000 	C:\Windows\System32\bcrypt.dll
0x00007ffd44310000 - 0x00007ffd44329000 	F:\Automation_Session\Software\eclipse-java-2022-12-R\eclipse\plugins\org.eclipse.justj.openjdk.hotspot.jre.full.win32.x86_64_17.0.5.v20221102-0933\jre\bin\net.dll
0x00007ffd4e5d0000 - 0x00007ffd4e6da000 	C:\Windows\SYSTEM32\WINHTTP.dll
0x00007ffd442d0000 - 0x00007ffd442e5000 	F:\Automation_Session\Software\eclipse-java-2022-12-R\eclipse\plugins\org.eclipse.justj.openjdk.hotspot.jre.full.win32.x86_64_17.0.5.v20221102-0933\jre\bin\nio.dll
0x00007ffd4fd10000 - 0x00007ffd4fd20000 	F:\Automation_Session\Software\eclipse-java-2022-12-R\eclipse\plugins\org.eclipse.justj.openjdk.hotspot.jre.full.win32.x86_64_17.0.5.v20221102-0933\jre\bin\verify.dll

dbghelp: loaded successfully - version: 4.0.5 - missing functions: none
symbol engine: initialized successfully - sym options: 0x614 - pdb path: .;F:\Automation_Session\Software\eclipse-java-2022-12-R\eclipse\plugins\org.eclipse.justj.openjdk.hotspot.jre.full.win32.x86_64_17.0.5.v20221102-0933\jre\bin;C:\Windows\SYSTEM32;C:\Windows\WinSxS\amd64_microsoft.windows.common-controls_6595b64144ccf1df_6.0.19041.1110_none_60b5254171f9507e;F:\Automation_Session\Software\eclipse-java-2022-12-R\eclipse\plugins\org.eclipse.justj.openjdk.hotspot.jre.full.win32.x86_64_17.0.5.v20221102-0933\jre\bin\server

VM Arguments:
jvm_args: -XX:+ShowCodeDetailsInExceptionMessages -agentlib:jdwp=transport=dt_socket,suspend=y,address=localhost:63795 -javaagent:F:\Automation_Session\Software\eclipse-java-2022-12-R\eclipse\configuration\org.eclipse.osgi\227\0\.cp\lib\javaagent-shaded.jar -Dfile.encoding=UTF-8 
java_command: day1.browseropening.GenericWayToOpenChromebrowser2
java_class_path (initial): F:\Automation_Session\Workspace\DemoSelenium\bin;F:\Automation_Session\Workspace\DemoSelenium\jars\byte-buddy-1.8.15.jar;F:\Automation_Session\Workspace\DemoSelenium\jars\client-combined-3.141.59.jar;F:\Automation_Session\Workspace\DemoSelenium\jars\client-combined-3.141.59-sources.jar;F:\Automation_Session\Workspace\DemoSelenium\jars\commons-exec-1.3.jar;F:\Automation_Session\Workspace\DemoSelenium\jars\guava-25.0-jre.jar;F:\Automation_Session\Workspace\DemoSelenium\jars\okhttp-3.11.0.jar;F:\Automation_Session\Workspace\DemoSelenium\jars\okio-1.14.0.jar
Launcher Type: SUN_STANDARD

[Global flags]
     intx CICompilerCount                          = 3                                         {product} {ergonomic}
     uint ConcGCThreads                            = 1                                         {product} {ergonomic}
     uint G1ConcRefinementThreads                  = 4                                         {product} {ergonomic}
   size_t G1HeapRegionSize                         = 1048576                                   {product} {ergonomic}
    uintx GCDrainStackTargetSize                   = 64                                        {product} {ergonomic}
   size_t InitialHeapSize                          = 134217728                                 {product} {ergonomic}
   size_t MarkStackSize                            = 4194304                                   {product} {ergonomic}
   size_t MaxHeapSize                              = 2118123520                                {product} {ergonomic}
   size_t MaxNewSize                               = 1270874112                                {product} {ergonomic}
   size_t MinHeapDeltaBytes                        = 1048576                                   {product} {ergonomic}
   size_t MinHeapSize                              = 8388608                                   {product} {ergonomic}
    uintx NonNMethodCodeHeapSize                   = 5832780                                {pd product} {ergonomic}
    uintx NonProfiledCodeHeapSize                  = 122912730                              {pd product} {ergonomic}
    uintx ProfiledCodeHeapSize                     = 122912730                              {pd product} {ergonomic}
    uintx ReservedCodeCacheSize                    = 251658240                              {pd product} {ergonomic}
     bool SegmentedCodeCache                       = true                                      {product} {ergonomic}
     bool ShowCodeDetailsInExceptionMessages       = true                                   {manageable} {command line}
   size_t SoftMaxHeapSize                          = 2118123520                             {manageable} {ergonomic}
     bool UseCompressedClassPointers               = true                           {product lp64_product} {ergonomic}
     bool UseCompressedOops                        = true                           {product lp64_product} {ergonomic}
     bool UseG1GC                                  = true                                      {product} {ergonomic}
     bool UseLargePagesIndividualAllocation        = false                                  {pd product} {ergonomic}

Logging:
Log output configuration:
 #0: stdout all=warning uptime,level,tags
 #1: stderr all=off uptime,level,tags

Environment Variables:
JAVA_HOME=C:\Program Files\Java\jdk-17
PATH=F:\Automation_Session\Software\eclipse-java-2022-12-R\eclipse\plugins\org.eclipse.justj.openjdk.hotspot.jre.full.win32.x86_64_17.0.5.v20221102-0933\jre\bin;F:/Automation_Session/Software/eclipse-java-2022-12-R/eclipse//plugins/org.eclipse.justj.openjdk.hotspot.jre.full.win32.x86_64_17.0.5.v20221102-0933/jre/bin/server;F:/Automation_Session/Software/eclipse-java-2022-12-R/eclipse//plugins/org.eclipse.justj.openjdk.hotspot.jre.full.win32.x86_64_17.0.5.v20221102-0933/jre/bin;C:\Program Files\Common Files\Oracle\Java\javapath;C:\Windows\system32;C:\Windows;C:\Windows\System32\Wbem;C:\Windows\System32\WindowsPowerShell\v1.0\;C:\Windows\System32\OpenSSH\;%Java_programs%\bin;C:\Program Files\Java\jdk-17\bin;C:\ProgramData\chocolatey\bin;C:\Program Files\nodejs\;C:\Users\Coditas\AppData\Local\Microsoft\WindowsApps;C:\Program Files (x86)\BrowserStackLocal\;C:\Users\Coditas\AppData\Roaming\npm;F:\Automation_Session\Software\eclipse-java-2022-12-R\eclipse;
USERNAME=Coditas
OS=Windows_NT
PROCESSOR_IDENTIFIER=Intel64 Family 6 Model 78 Stepping 3, GenuineIntel
TMP=C:\Users\Coditas\AppData\Local\Temp
TEMP=C:\Users\Coditas\AppData\Local\Temp



---------------  S Y S T E M  ---------------

OS:
 Windows 10 , 64 bit Build 19041 (10.0.19041.2788)
OS uptime: 6 days 18:21 hours

CPU: total 4 (initial active 4) (2 cores per cpu, 2 threads per core) family 6 model 78 stepping 3 microcode 0xcc, cx8, cmov, fxsr, ht, mmx, 3dnowpref, sse, sse2, sse3, ssse3, sse4.1, sse4.2, popcnt, lzcnt, tsc, tscinvbit, avx, avx2, aes, erms, clmul, bmi1, bmi2, rtm, adx, fma, vzeroupper, clflush, clflushopt

Memory: 4k page, system-wide physical 8074M (2165M free)
TotalPageFile size 14986M (AvailPageFile size 6069M)
current process WorkingSet (physical memory assigned to process): 49M, peak: 52M
current process commit charge ("private bytes"): 203M, peak: 207M

vm_info: OpenJDK 64-Bit Server VM (17.0.5+8) for windows-amd64 JRE (17.0.5+8), built on Oct 19 2022 04:48:13 by "temurin" with MS VC++ 16.7 (VS2019)

END.
